<?xml version="1.0" encoding="UTF-8"?>
<!-- Generated by org.testng.reporters.JUnitReportReporter -->
<testsuite hostname="BULL-Legion" failures="0" tests="2" name="tricentis.tricentis" time="19.674" errors="0" timestamp="2022-10-06T22:28:46 EEST" skipped="0">
  <testcase classname="tricentis.tricentis" name="test1" time="9.265"/>
  <system-out/>
  <testcase classname="tricentis.tricentis" name="test2" time="10.409"/>
  <system-out/>
</testsuite> <!-- tricentis.tricentis -->
